# JRE version: Java(TM) SE Runtime Environment (22.0.2+9) (build 22.0.2+9-70)
# Java VM: Java HotSpot(TM) 64-Bit Server VM (22.0.2+9-70, mixed mode, emulated-client, sharing, tiered, compressed oops, compressed class ptrs, g1 gc, windows-amd64)
GC Precious Log:
 CardTable entry size: 512
 Card Set container configuration: InlinePtr #cards 5 size 8 Array Of Cards #cards 12 size 40 Howl #buckets 4 coarsen threshold 1843 Howl Bitmap #cards 512 size 80 coarsen threshold 460 Card regions per heap region 1 cards per card region 2048
 CPUs: 8 total, 8 available
 Memory: 8033M
 Large Page Support: Disabled
 NUMA Support: Disabled
 Compressed Oops: Enabled (32-bit)
 Heap Region Size: 1M
 Heap Min Capacity: 8M
 Heap Initial Capacity: 126M
 Heap Max Capacity: 2010M
 Pre-touch: Disabled
 Parallel Workers: 8
 Concurrent Workers: 2
 Concurrent Refinement Workers: 8
 Periodic GC: Disabled
Heap:
 garbage-first heap   total reserved 2058240K, committed 57344K, used 30832K [0x0000000082600000, 0x0000000100000000)
  region size 1024K, 15 young (15360K), 4 survivors (4096K)
 Metaspace       used 40859K, committed 41600K, reserved 1114112K
  class space    used 5710K, committed 6080K, reserved 1048576K
GC Heap History (20 events):
Event: 2.988 GC heap before
{Heap before GC invocations=14 (full 0):
 garbage-first heap   total reserved 2058240K, committed 47104K, used 39934K [0x0000000082600000, 0x0000000100000000)
  region size 1024K, 26 young (26624K), 2 survivors (2048K)
 Metaspace       used 32384K, committed 32960K, reserved 1114112K
  class space    used 4428K, committed 4672K, reserved 1048576K
}
Event: 2.991 GC heap after
{Heap after GC invocations=15 (full 0):
 garbage-first heap   total reserved 2058240K, committed 57344K, used 16691K [0x0000000082600000, 0x0000000100000000)
  region size 1024K, 2 young (2048K), 2 survivors (2048K)
 Metaspace       used 32384K, committed 32960K, reserved 1114112K
  class space    used 4428K, committed 4672K, reserved 1048576K
}
Event: 3.321 GC heap before
{Heap before GC invocations=15 (full 0):
 garbage-first heap   total reserved 2058240K, committed 57344K, used 48435K [0x0000000082600000, 0x0000000100000000)
  region size 1024K, 33 young (33792K), 2 survivors (2048K)
 Metaspace       used 35004K, committed 35648K, reserved 1114112K
  class space    used 4872K, committed 5184K, reserved 1048576K
}
Event: 3.324 GC heap after
{Heap after GC invocations=16 (full 0):
 garbage-first heap   total reserved 2058240K, committed 57344K, used 17962K [0x0000000082600000, 0x0000000100000000)
  region size 1024K, 4 young (4096K), 4 survivors (4096K)
 Metaspace       used 35004K, committed 35648K, reserved 1114112K
  class space    used 4872K, committed 5184K, reserved 1048576K
}
Event: 3.570 GC heap before
{Heap before GC invocations=16 (full 0):
 garbage-first heap   total reserved 2058240K, committed 57344K, used 47658K [0x0000000082600000, 0x0000000100000000)
  region size 1024K, 33 young (33792K), 4 survivors (4096K)
 Metaspace       used 37188K, committed 37824K, reserved 1114112K
  class space    used 5215K, committed 5504K, reserved 1048576K
}
Event: 3.574 GC heap after
{Heap after GC invocations=17 (full 0):
 garbage-first heap   total reserved 2058240K, committed 57344K, used 19988K [0x0000000082600000, 0x0000000100000000)
  region size 1024K, 5 young (5120K), 5 survivors (5120K)
 Metaspace       used 37188K, committed 37824K, reserved 1114112K
  class space    used 5215K, committed 5504K, reserved 1048576K
}
Event: 11.283 GC heap before
{Heap before GC invocations=17 (full 0):
 garbage-first heap   total reserved 2058240K, committed 57344K, used 36372K [0x0000000082600000, 0x0000000100000000)
  region size 1024K, 22 young (22528K), 5 survivors (5120K)
 Metaspace       used 38409K, committed 39040K, reserved 1114112K
  class space    used 5421K, committed 5696K, reserved 1048576K
}
Event: 11.313 GC heap after
{Heap after GC invocations=18 (full 1):
 garbage-first heap   total reserved 2058240K, committed 57344K, used 17341K [0x0000000082600000, 0x0000000100000000)
  region size 1024K, 0 young (0K), 0 survivors (0K)
 Metaspace       used 38406K, committed 39040K, reserved 1114112K
  class space    used 5420K, committed 5696K, reserved 1048576K
}
Event: 11.805 GC heap before
{Heap before GC invocations=18 (full 1):
 garbage-first heap   total reserved 2058240K, committed 57344K, used 50109K [0x0000000082600000, 0x0000000100000000)
  region size 1024K, 32 young (32768K), 0 survivors (0K)
 Metaspace       used 38503K, committed 39168K, reserved 1114112K
  class space    used 5433K, committed 5696K, reserved 1048576K
}
Event: 11.808 GC heap after
{Heap after GC invocations=19 (full 1):
 garbage-first heap   total reserved 2058240K, committed 57344K, used 20599K [0x0000000082600000, 0x0000000100000000)
  region size 1024K, 4 young (4096K), 4 survivors (4096K)
 Metaspace       used 38503K, committed 39168K, reserved 1114112K
  class space    used 5433K, committed 5696K, reserved 1048576K
}
Event: 96.843 GC heap before
{Heap before GC invocations=19 (full 1):
 garbage-first heap   total reserved 2058240K, committed 57344K, used 45175K [0x0000000082600000, 0x0000000100000000)
  region size 1024K, 29 young (29696K), 4 survivors (4096K)
 Metaspace       used 40176K, committed 40960K, reserved 1114112K
  class space    used 5664K, committed 6016K, reserved 1048576K
}
Event: 96.847 GC heap after
{Heap after GC invocations=20 (full 1):
 garbage-first heap   total reserved 2058240K, committed 57344K, used 20770K [0x0000000082600000, 0x0000000100000000)
  region size 1024K, 2 young (2048K), 2 survivors (2048K)
 Metaspace       used 40176K, committed 40960K, reserved 1114112K
  class space    used 5664K, committed 6016K, reserved 1048576K
}
Event: 97.178 GC heap before
{Heap before GC invocations=20 (full 1):
 garbage-first heap   total reserved 2058240K, committed 57344K, used 26914K [0x0000000082600000, 0x0000000100000000)
  region size 1024K, 9 young (9216K), 2 survivors (2048K)
 Metaspace       used 40849K, committed 41600K, reserved 1114112K
  class space    used 5740K, committed 6080K, reserved 1048576K
}
Event: 97.206 GC heap after
{Heap after GC invocations=21 (full 2):
 garbage-first heap   total reserved 2058240K, committed 57344K, used 15131K [0x0000000082600000, 0x0000000100000000)
  region size 1024K, 0 young (0K), 0 survivors (0K)
 Metaspace       used 40542K, committed 41600K, reserved 1114112K
  class space    used 5655K, committed 6080K, reserved 1048576K
}
Event: 98.430 GC heap before
{Heap before GC invocations=21 (full 2):
 garbage-first heap   total reserved 2058240K, committed 57344K, used 47899K [0x0000000082600000, 0x0000000100000000)
  region size 1024K, 33 young (33792K), 0 survivors (0K)
 Metaspace       used 40703K, committed 41600K, reserved 1114112K
  class space    used 5694K, committed 6080K, reserved 1048576K
}
Event: 98.433 GC heap after
{Heap after GC invocations=22 (full 2):
 garbage-first heap   total reserved 2058240K, committed 57344K, used 19440K [0x0000000082600000, 0x0000000100000000)
  region size 1024K, 5 young (5120K), 5 survivors (5120K)
 Metaspace       used 40703K, committed 41600K, reserved 1114112K
  class space    used 5694K, committed 6080K, reserved 1048576K
}
Event: 106.099 GC heap before
{Heap before GC invocations=22 (full 2):
 garbage-first heap   total reserved 2058240K, committed 57344K, used 31728K [0x0000000082600000, 0x0000000100000000)
  region size 1024K, 18 young (18432K), 5 survivors (5120K)
 Metaspace       used 40818K, committed 41600K, reserved 1114112K
  class space    used 5713K, committed 6080K, reserved 1048576K
}
Event: 106.128 GC heap after
{Heap after GC invocations=23 (full 3):
 garbage-first heap   total reserved 2058240K, committed 57344K, used 17350K [0x0000000082600000, 0x0000000100000000)
  region size 1024K, 0 young (0K), 0 survivors (0K)
 Metaspace       used 40761K, committed 41600K, reserved 1114112K
  class space    used 5699K, committed 6080K, reserved 1048576K
}
Event: 106.604 GC heap before
{Heap before GC invocations=23 (full 3):
 garbage-first heap   total reserved 2058240K, committed 57344K, used 47046K [0x0000000082600000, 0x0000000100000000)
  region size 1024K, 30 young (30720K), 0 survivors (0K)
 Metaspace       used 40821K, committed 41600K, reserved 1114112K
  class space    used 5707K, committed 6080K, reserved 1048576K
}
Event: 106.608 GC heap after
{Heap after GC invocations=24 (full 3):
 garbage-first heap   total reserved 2058240K, committed 57344K, used 20592K [0x0000000082600000, 0x0000000100000000)
  region size 1024K, 4 young (4096K), 4 survivors (4096K)
 Metaspace       used 40821K, committed 41600K, reserved 1114112K
  class space    used 5707K, committed 6080K, reserved 1048576K
}

